[14/Dec/2010 13:33:49] "GET /dates.json?phrase=uncle%20sam&granularity=month HTTP/1.1" 200 2036
[14/Dec/2010 13:34:10] "GET /dates.json?phrase=the&granularity=month HTTP/1.1" 200 2029
[14/Dec/2010 13:35:16] "GET /dates.json?phrase=the&granularity=congress HTTP/1.1" 500 373
[14/Dec/2010 13:35:34] "GET /dates.json?phrase=republican&granularity=month HTTP/1.1" 200 2051
Validating models...
0 errors found

Django version 1.2.3, using settings 'api.settings'
Development server is running at http://127.0.0.1:8000/
Quit the server with CONTROL-C.
http://localhost:8983/solr/select?facet.date.gap=%2B1MONTHS&facet.sort=false&facet.field=date&wt=json&facet.date=date&facet=true&facet.limit=100&facet.date.start=2009-01-01T00%3A00%3A00Z&q=text%3A%22uncle+sam%22&facet.date.end=NOW%2FDAY%2B1DAY&rows=0&facet.offset=0
http://localhost:8983/solr/select?facet.date.gap=%2B1MONTHS&facet.sort=false&facet.field=date&wt=json&facet.date=date&facet=true&facet.limit=100&facet.date.start=2009-01-01T00%3A00%3A00Z&q=text%3A%22the%22&facet.date.end=NOW%2FDAY%2B1DAY&rows=0&facet.offset=0
http://localhost:8983/solr/select?facet.date.gap=%2B1MONTHS&facet.sort=false&facet.field=date&wt=json&facet.date=date&facet=true&facet.limit=100&facet.date.start=2009-01-01T00%3A00%3A00Z&q=text%3A%22republican%22&facet.date.end=NOW%2FDAY%2B1DAY&rows=0&facet.offset=0
[16/Dec/2010 11:37:41] "GET /text.json?entity_type=bioguide&entity_name=C000984 HTTP/1.1" 200 110365
[16/Dec/2010 11:51:04] "GET /text.json?entity_type=bioguide&entity_name=M000404 HTTP/1.1" 200 135882
[16/Dec/2010 11:51:13] "GET /text.json?entity_type=bioguide&entity_name=C001058 HTTP/1.1" 200 17017
[16/Dec/2010 11:53:27] "GET /text.json?entity_type=bioguide&entity_name=R000487 HTTP/1.1" 200 92180
[16/Dec/2010 11:53:36] "GET /text.json?entity_type=bioguide&entity_name=B001267 HTTP/1.1" 200 183294
[16/Dec/2010 11:55:04] "GET /text.json?entity_type=bioguide&entity_name=S000709 HTTP/1.1" 200 244030
[16/Dec/2010 11:56:47] "GET /text.json?entity_type=bioguide&entity_name=L000571 HTTP/1.1" 200 160156
[16/Dec/2010 11:56:51] "GET /text.json?entity_type=bioguide&entity_name=S000770 HTTP/1.1" 200 231340
[16/Dec/2010 11:57:49] "GET /text.json?entity_type=bioguide&entity_name=P000265 HTTP/1.1" 200 132555
[16/Dec/2010 11:57:52] "GET /text.json?entity_type=bioguide&entity_name=P000594 HTTP/1.1" 200 89013
[16/Dec/2010 11:59:00] "GET /text.json?entity_type=bioguide&entity_name=D000399 HTTP/1.1" 200 49191
[16/Dec/2010 11:59:03] "GET /text.json?entity_type=bioguide&entity_name=Q000023 HTTP/1.1" 200 154714
[16/Dec/2010 12:00:00] "GET /text.json?entity_type=bioguide&entity_name=A000055 HTTP/1.1" 200 73521
[16/Dec/2010 12:01:16] "GET /text.json?entity_type=bioguide&entity_name=A000362 HTTP/1.1" 200 93589
[16/Dec/2010 12:01:20] "GET /text.json?entity_type=bioguide&entity_name=C000174 HTTP/1.1" 200 239009
[16/Dec/2010 12:04:10] "GET /text.json?entity_type=bioguide&entity_name=H001042 HTTP/1.1" 200 109560
[16/Dec/2010 12:04:13] "GET /text.json?entity_type=bioguide&entity_name=C001050 HTTP/1.1" 200 103967
[16/Dec/2010 12:05:18] "GET /text.json?entity_type=bioguide&entity_name=N000181 HTTP/1.1" 200 55587
[16/Dec/2010 12:05:22] "GET /text.json?entity_type=bioguide&entity_name=L000480 HTTP/1.1" 200 71755
[16/Dec/2010 12:06:30] "GET /text.json?entity_type=bioguide&entity_name=B001255 HTTP/1.1" 200 139767
[16/Dec/2010 12:06:57] "GET /text.json?entity_type=bioguide&entity_name=I000056 HTTP/1.1" 200 110996
[16/Dec/2010 12:07:01] "GET /text.json?entity_type=bioguide&entity_name=S001156 HTTP/1.1" 200 118
[16/Dec/2010 12:12:44] "GET /text.json?entity_type=bioguide&entity_name=B000420 HTTP/1.1" 200 23395
[16/Dec/2010 12:12:47] "GET /text.json?entity_type=bioguide&entity_name=H001036 HTTP/1.1" 200 172213
[16/Dec/2010 12:13:05] "GET /text.json?entity_type=bioguide&entity_name=M001120 HTTP/1.1" 200 13471
[16/Dec/2010 12:13:10] "GET /text.json?entity_type=bioguide&entity_name=D000432 HTTP/1.1" 200 467277
Validating models...
0 errors found

Django version 1.2.3, using settings 'api.settings'
Development server is running at http://127.0.0.1:8000/
Quit the server with CONTROL-C.
http://localhost:8983/solr/select?q=%28speaker_bioguide%3AC000984%29&start=0&rows=100&wt=json
http://localhost:8983/solr/select?q=%28speaker_bioguide%3AM000404%29&start=0&rows=100&wt=json
http://localhost:8983/solr/select?q=%28speaker_bioguide%3AM000404%29&start=0&rows=100&wt=json
http://localhost:8983/solr/select?q=%28speaker_bioguide%3AC001058%29&start=0&rows=100&wt=json
http://localhost:8983/solr/select?q=%28speaker_bioguide%3AR000487%29&start=0&rows=100&wt=json
http://localhost:8983/solr/select?q=%28speaker_bioguide%3AB001267%29&start=0&rows=100&wt=json
http://localhost:8983/solr/select?q=%28speaker_bioguide%3AS000709%29&start=0&rows=100&wt=json
http://localhost:8983/solr/select?q=%28speaker_bioguide%3AS000709%29&start=0&rows=100&wt=json
http://localhost:8983/solr/select?q=%28speaker_bioguide%3AS000709%29&start=0&rows=100&wt=json
http://localhost:8983/solr/select?q=%28speaker_bioguide%3AL000571%29&start=0&rows=100&wt=json
http://localhost:8983/solr/select?q=%28speaker_bioguide%3AL000571%29&start=0&rows=100&wt=json
http://localhost:8983/solr/select?q=%28speaker_bioguide%3AS000770%29&start=0&rows=100&wt=json
http://localhost:8983/solr/select?q=%28speaker_bioguide%3AS000770%29&start=0&rows=100&wt=json
http://localhost:8983/solr/select?q=%28speaker_bioguide%3AP000265%29&start=0&rows=100&wt=json
http://localhost:8983/solr/select?q=%28speaker_bioguide%3AP000265%29&start=0&rows=100&wt=json
http://localhost:8983/solr/select?q=%28speaker_bioguide%3AP000594%29&start=0&rows=100&wt=json
http://localhost:8983/solr/select?q=%28speaker_bioguide%3AD000399%29&start=0&rows=100&wt=json
http://localhost:8983/solr/select?q=%28speaker_bioguide%3AQ000023%29&start=0&rows=100&wt=json
http://localhost:8983/solr/select?q=%28speaker_bioguide%3AQ000023%29&start=0&rows=100&wt=json
http://localhost:8983/solr/select?q=%28speaker_bioguide%3AA000055%29&start=0&rows=100&wt=json
http://localhost:8983/solr/select?q=%28speaker_bioguide%3AA000362%29&start=0&rows=100&wt=json
http://localhost:8983/solr/select?q=%28speaker_bioguide%3AC000174%29&start=0&rows=100&wt=json
http://localhost:8983/solr/select?q=%28speaker_bioguide%3AH001042%29&start=0&rows=100&wt=json
http://localhost:8983/solr/select?q=%28speaker_bioguide%3AH001042%29&start=0&rows=100&wt=json
http://localhost:8983/solr/select?q=%28speaker_bioguide%3AC001050%29&start=0&rows=100&wt=json
http://localhost:8983/solr/select?q=%28speaker_bioguide%3AC001050%29&start=0&rows=100&wt=json
http://localhost:8983/solr/select?q=%28speaker_bioguide%3AN000181%29&start=0&rows=100&wt=json
http://localhost:8983/solr/select?q=%28speaker_bioguide%3AL000480%29&start=0&rows=100&wt=json
http://localhost:8983/solr/select?q=%28speaker_bioguide%3AB001255%29&start=0&rows=100&wt=json
http://localhost:8983/solr/select?q=%28speaker_bioguide%3AI000056%29&start=0&rows=100&wt=json
http://localhost:8983/solr/select?q=%28speaker_bioguide%3AI000056%29&start=0&rows=100&wt=json
http://localhost:8983/solr/select?q=%28speaker_bioguide%3AS001156%29&start=0&rows=100&wt=json
http://localhost:8983/solr/select?q=%28speaker_bioguide%3AB000420%29&start=0&rows=100&wt=json
http://localhost:8983/solr/select?q=%28speaker_bioguide%3AH001036%29&start=0&rows=100&wt=json
http://localhost:8983/solr/select?q=%28speaker_bioguide%3AH001036%29&start=0&rows=100&wt=json
http://localhost:8983/solr/select?q=%28speaker_bioguide%3AM001120%29&start=0&rows=100&wt=json
http://localhost:8983/solr/select?q=%28speaker_bioguide%3AD000432%29&start=0&rows=100&wt=json
http://localhost:8983/solr/select?q=%28speaker_bioguide%3AD000432%29&start=0&rows=100&wt=json
http://localhost:8983/solr/select?q=%28speaker_bioguide%3AD000432%29&start=0&rows=100&wt=json
http://localhost:8983/solr/select?q=%28speaker_bioguide%3AD000432%29&start=0&rows=100&wt=json
http://localhost:8983/solr/select?q=%28speaker_bioguide%3AD000432%29&start=0&rows=100&wt=json
http://localhost:8983/solr/select?q=%28speaker_bioguide%3AQ000023[16/Dec/2010 12:13:49] "GET /text.json?entity_type=bioguide&entity_name=Q000023 HTTP/1.1" 200 154714
[16/Dec/2010 12:14:47] "GET /text.json?entity_type=bioguide&entity_name=G000309 HTTP/1.1" 200 79809
[16/Dec/2010 12:16:00] "GET /text.json?entity_type=bioguide&entity_name=R000573 HTTP/1.1" 200 30854
[16/Dec/2010 12:16:11] "GET /text.json?entity_type=bioguide&entity_name=M000355 HTTP/1.1" 200 198281
[16/Dec/2010 12:17:11] "GET /text.json?entity_type=bioguide&entity_name=M001158 HTTP/1.1" 200 21619
[16/Dec/2010 12:17:20] "GET /text.json?entity_type=bioguide&entity_name=R000578 HTTP/1.1" 200 126831
[16/Dec/2010 12:18:01] "GET /text.json?entity_type=bioguide&entity_name=D000355 HTTP/1.1" 200 125528
[16/Dec/2010 12:18:47] "GET /text.json?entity_type=bioguide&entity_name=N000032 HTTP/1.1" 200 281319
[16/Dec/2010 12:19:53] "GET /text.json?entity_type=bioguide&entity_name=J000291 HTTP/1.1" 200 278072
[16/Dec/2010 12:20:51] "GET /text.json?entity_type=bioguide&entity_name=C001056 HTTP/1.1" 200 325887
[16/Dec/2010 12:22:38] "GET /text.json?entity_type=bioguide&entity_name=B001245 HTTP/1.1" 200 62291
[16/Dec/2010 12:23:35] "GET /text.json?entity_type=bioguide&entity_name=W000314 HTTP/1.1" 200 28798
[16/Dec/2010 12:23:41] "GET /text.json?entity_type=bioguide&entity_name=C001061 HTTP/1.1" 200 64018
[16/Dec/2010 12:24:02] "GET /text.json?entity_type=bioguide&entity_name=S000822 HTTP/1.1" 200 187346
[16/Dec/2010 12:24:50] "GET /text.json?entity_type=bioguide&entity_name=K000172 HTTP/1.1" 200 133324
[16/Dec/2010 12:25:47] "GET /text.json?entity_type=bioguide&entity_name=T000465 HTTP/1.1" 200 36015
[16/Dec/2010 12:26:02] "GET /text.json?entity_type=bioguide&entity_name=T000326 HTTP/1.1" 200 193674
[16/Dec/2010 12:27:00] "GET /text.json?entity_type=bioguide&entity_name=R000573 HTTP/1.1" 200 30854
[16/Dec/2010 12:27:10] "GET /text.json?entity_type=bioguide&entity_name=H001048 HTTP/1.1" 200 58664
[16/Dec/2010 12:27:24] "GET /text.json?entity_type=bioguide&entity_name=H001046 HTTP/1.1" 200 77737
[16/Dec/2010 12:28:05] "GET /text.json?entity_type=bioguide&entity_name=D000608 HTTP/1.1" 200 140320
[16/Dec/2010 12:29:02] "GET /text.json?entity_type=bioguide&entity_name=P000587 HTTP/1.1" 200 157430
[16/Dec/2010 12:29:56] "GET /text.json?entity_type=bioguide&entity_name=K000180 HTTP/1.1" 200 39142
[16/Dec/2010 12:30:03] "GET /text.json?entity_type=bioguide&entity_name=M001175 HTTP/1.1" 200 20201
[16/Dec/2010 12:30:14] "GET /text.json?entity_type=bioguide&entity_name=D000355 HTTP/1.1" 200 125528
[16/Dec/2010 12:31:00] "GET /text.json?entity_type=bioguide&entity_name=W000796 HTTP/1.1" 200 152296
[16/Dec/2010 12:31:57] "GET /text.json?entity_type=bioguide&entity_name=S001169 HTTP/1.1" 200 43675
%29&start=0&rows=100&wt=json
http://localhost:8983/solr/select?q=%28speaker_bioguide%3AQ000023%29&start=0&rows=100&wt=json
http://localhost:8983/solr/select?q=%28speaker_bioguide%3AG000309%29&start=0&rows=100&wt=json
http://localhost:8983/solr/select?q=%28speaker_bioguide%3AG000309%29&start=0&rows=100&wt=json
http://localhost:8983/solr/select?q=%28speaker_bioguide%3AG000309%29&start=0&rows=100&wt=json
http://localhost:8983/solr/select?q=%28speaker_bioguide%3AR000573%29&start=0&rows=100&wt=json
http://localhost:8983/solr/select?q=%28speaker_bioguide%3AM000355%29&start=0&rows=100&wt=json
http://localhost:8983/solr/select?q=%28speaker_bioguide%3AM000355%29&start=0&rows=100&wt=json
http://localhost:8983/solr/select?q=%28speaker_bioguide%3AM000355%29&start=0&rows=100&wt=json
http://localhost:8983/solr/select?q=%28speaker_bioguide%3AM000355%29&start=0&rows=100&wt=json
http://localhost:8983/solr/select?q=%28speaker_bioguide%3AM000355%29&start=0&rows=100&wt=json
http://localhost:8983/solr/select?q=%28speaker_bioguide%3AM000355%29&start=0&rows=100&wt=json
http://localhost:8983/solr/select?q=%28speaker_bioguide%3AM001158%29&start=0&rows=100&wt=json
http://localhost:8983/solr/select?q=%28speaker_bioguide%3AR000578%29&start=0&rows=100&wt=json
http://localhost:8983/solr/select?q=%28speaker_bioguide%3AD000355%29&start=0&rows=100&wt=json
http://localhost:8983/solr/select?q=%28speaker_bioguide%3AN000032%29&start=0&rows=100&wt=json
http://localhost:8983/solr/select?q=%28speaker_bioguide%3AN000032%29&start=0&rows=100&wt=json
http://localhost:8983/solr/select?q=%28speaker_bioguide%3AJ000291%29&start=0&rows=100&wt=json
http://localhost:8983/solr/select?q=%28speaker_bioguide%3AJ000291%29&start=0&rows=100&wt=json
http://localhost:8983/solr/select?q=%28speaker_bioguide%3AC001056%29&start=0&rows=100&wt=json
http://localhost:8983/solr/select?q=%28speaker_bioguide%3AC001056%29&start=0&rows=100&wt=json
http://localhost:8983/solr/select?q=%28speaker_bioguide%3AB001245%29&start=0&rows=100&wt=json
http://localhost:8983/solr/select?q=%28speaker_bioguide%3AB001245%29&start=0&rows=100&wt=json
http://localhost:8983/solr/select?q=%28speaker_bioguide%3AB001245%29&start=0&rows=100&wt=json
http://localhost:8983/solr/select?q=%28speaker_bioguide%3AW000314%29&start=0&rows=100&wt=json
http://localhost:8983/solr/select?q=%28speaker_bioguide%3AC001061%29&start=0&rows=100&wt=json
http://localhost:8983/solr/select?q=%28speaker_bioguide%3AS000822%29&start=0&rows=100&wt=json
http://localhost:8983/solr/select?q=%28speaker_bioguide%3AK000172%29&start=0&rows=100&wt=json
http://localhost:8983/solr/select?q=%28speaker_bioguide%3AK000172%29&start=0&rows=100&wt=json
http://localhost:8983/solr/select?q=%28speaker_bioguide%3AT000465%29&start=0&rows=100&wt=json
http://localhost:8983/solr/select?q=%28speaker_bioguide%3AT000326%29&start=0&rows=100&wt=json
http://localhost:8983/solr/select?q=%28speaker_bioguide%3AT000326%29&start=0&rows=100&wt=json
http://localhost:8983/solr/select?q=%28speaker_bioguide%3AT000326%29&start=0&rows=100&wt=json
http://localhost:8983/solr/select?q=%28speaker_bioguide%3AR000573%29&start=0&rows=100&wt=json
http://localhost:8983/solr/select?q=%28speaker_bioguide%3AH001048%29&start=0&rows=100&wt=json
http://localhost:8983/solr/select?q=%28speaker_bioguide%3AH001046%29&start=0&rows=100&wt=json
http://localhost:8983/solr/select?q=%28speaker_bioguide%3AD000608%29&start=0&rows=100&wt=json
http://localhost:8983/solr/select?q=%28speaker_bioguide%3AP000587%29&start=0&rows=100&wt=json
http://localhost:8983/solr/select?q=%28speaker_bioguide%3AP000587%29&start=0&rows=100&wt=json
http://localhost:8983/solr/select?q=%28speaker_bioguide%3AK000180%29&start=0&rows=100&wt=json
http://localhost:8983/solr/select?q=%28speaker_bioguide%3AM001175%29&start=0&rows=100&wt=json
http://localhost:8983/solr/select?q=%28speaker_bioguide%3AD000355%29&start=0&rows=100&wt=json
http://localhost:8983/solr/select?q=%28speaker_bioguide%3AW000796%29&start=0&rows=100&wt=json
http://localhost:8983/solr/select?q=%28speaker_bioguide%3AS001169%29&start=0&rows=100&wt=json
http://localhost:8983/sol[16/Dec/2010 12:32:10] "GET /text.json?entity_type=bioguide&entity_name=B000657 HTTP/1.1" 200 68996
[16/Dec/2010 12:32:36] "GET /text.json?entity_type=bioguide&entity_name=L000287 HTTP/1.1" 200 89085
[16/Dec/2010 12:33:19] "GET /text.json?entity_type=bioguide&entity_name=T000193 HTTP/1.1" 200 86281
[16/Dec/2010 12:33:51] "GET /text.json?entity_type=bioguide&entity_name=M000087 HTTP/1.1" 200 225851
[16/Dec/2010 12:34:47] "GET /text.json?entity_type=bioguide&entity_name=K000113 HTTP/1.1" 200 134192
[16/Dec/2010 12:35:25] "GET /text.json?entity_type=bioguide&entity_name=L000111 HTTP/1.1" 200 121358
[16/Dec/2010 12:36:24] "GET /text.json?entity_type=bioguide&entity_name=F000457 HTTP/1.1" 200 248904
[16/Dec/2010 12:37:03] "GET /text.json?entity_type=bioguide&entity_name=S001045 HTTP/1.1" 200 102572
[16/Dec/2010 12:37:32] "GET /text.json?entity_type=bioguide&entity_name=K000374 HTTP/1.1" 200 118
[16/Dec/2010 12:37:32] "GET /text.json?entity_type=bioguide&entity_name=S000510 HTTP/1.1" 200 52034
[16/Dec/2010 12:37:44] "GET /text.json?entity_type=bioguide&entity_name=U000031 HTTP/1.1" 200 68475
[16/Dec/2010 12:38:11] "GET /text.json?entity_type=bioguide&entity_name=G000410 HTTP/1.1" 200 119514
[16/Dec/2010 12:38:45] "GET /text.json?entity_type=bioguide&entity_name=S000465 HTTP/1.1" 200 164121
[16/Dec/2010 12:39:46] "GET /text.json?entity_type=bioguide&entity_name=K000336 HTTP/1.1" 200 194541
[16/Dec/2010 12:40:44] "GET /text.json?entity_type=bioguide&entity_name=N000183 HTTP/1.1" 200 36107
[16/Dec/2010 12:40:56] "GET /text.json?entity_type=bioguide&entity_name=S000810 HTTP/1.1" 200 134445
[16/Dec/2010 12:41:42] "GET /text.json?entity_type=bioguide&entity_name=C001035 HTTP/1.1" 200 194349
[16/Dec/2010 12:42:23] "GET /text.json?entity_type=bioguide&entity_name=R000580 HTTP/1.1" 200 163835
[16/Dec/2010 12:43:05] "GET /text.json?entity_type=bioguide&entity_name=S000185 HTTP/1.1" 200 135360
[16/Dec/2010 12:44:03] "GET /text.json?entity_type=bioguide&entity_name=G000557 HTTP/1.1" 200 34188
[16/Dec/2010 12:44:19] "GET /text.json?entity_type=bioguide&entity_name=L000551 HTTP/1.1" 200 215633
[16/Dec/2010 12:45:16] "GET /text.json?entity_type=bioguide&entity_name=E000226 HTTP/1.1" 200 157941
[16/Dec/2010 12:46:11] "GET /text.json?entity_type=bioguide&entity_name=J000177 HTTP/1.1" 200 165776
[16/Dec/2010 12:46:53] "GET /text.json?entity_type=bioguide&entity_name=S001155 HTTP/1.1" 200 22226
[16/Dec/2010 12:46:59] "GET /text.json?entity_type=bioguide&entity_name=W000672 HTTP/1.1" 200 226118
[16/Dec/2010 12:47:55] "GET /text.json?entity_type=bioguide&entity_name=K000372 HTTP/1.1" 200 109515
[16/Dec/2010 12:48:37] "GET /text.json?entity_type=bioguide&entity_name=S001163 HTTP/1.1" 200 88778
[16/Dec/2010 12:48:39] "GET /text.json?entity_type=bioguide&entity_name=S001178 HTTP/1.1" 200 115671
[16/Dec/2010 12:49:29] "GET /text.json?entity_type=bioguide&entity_name=G000021 HTTP/1.1" 200 97807
[16/Dec/2010 12:49:48] "GET /text.json?entity_type=bioguide&entity_name=B001264 HTTP/1.1" 200 48732
r/select?q=%28speaker_bioguide%3AB000657%29&start=0&rows=100&wt=json
http://localhost:8983/solr/select?q=%28speaker_bioguide%3AL000287%29&start=0&rows=100&wt=json
http://localhost:8983/solr/select?q=%28speaker_bioguide%3AT000193%29&start=0&rows=100&wt=json
http://localhost:8983/solr/select?q=%28speaker_bioguide%3AM000087%29&start=0&rows=100&wt=json
http://localhost:8983/solr/select?q=%28speaker_bioguide%3AM000087%29&start=0&rows=100&wt=json
http://localhost:8983/solr/select?q=%28speaker_bioguide%3AK000113%29&start=0&rows=100&wt=json
http://localhost:8983/solr/select?q=%28speaker_bioguide%3AL000111%29&start=0&rows=100&wt=json
http://localhost:8983/solr/select?q=%28speaker_bioguide%3AL000111%29&start=0&rows=100&wt=json
http://localhost:8983/solr/select?q=%28speaker_bioguide%3AF000457%29&start=0&rows=100&wt=json
http://localhost:8983/solr/select?q=%28speaker_bioguide%3AS001045%29&start=0&rows=100&wt=json
http://localhost:8983/solr/select?q=%28speaker_bioguide%3AK000374%29&start=0&rows=100&wt=json
http://localhost:8983/solr/select?q=%28speaker_bioguide%3AS000510%29&start=0&rows=100&wt=json
http://localhost:8983/solr/select?q=%28speaker_bioguide%3AU000031%29&start=0&rows=100&wt=json
http://localhost:8983/solr/select?q=%28speaker_bioguide%3AG000410%29&start=0&rows=100&wt=json
http://localhost:8983/solr/select?q=%28speaker_bioguide%3AS000465%29&start=0&rows=100&wt=json
http://localhost:8983/solr/select?q=%28speaker_bioguide%3AS000465%29&start=0&rows=100&wt=json
http://localhost:8983/solr/select?q=%28speaker_bioguide%3AS000465%29&start=0&rows=100&wt=json
http://localhost:8983/solr/select?q=%28speaker_bioguide%3AK000336%29&start=0&rows=100&wt=json
http://localhost:8983/solr/select?q=%28speaker_bioguide%3AK000336%29&start=0&rows=100&wt=json
http://localhost:8983/solr/select?q=%28speaker_bioguide%3AK000336%29&start=0&rows=100&wt=json
http://localhost:8983/solr/select?q=%28speaker_bioguide%3AN000183%29&start=0&rows=100&wt=json
http://localhost:8983/solr/select?q=%28speaker_bioguide%3AS000810%29&start=0&rows=100&wt=json
http://localhost:8983/solr/select?q=%28speaker_bioguide%3AC001035%29&start=0&rows=100&wt=json
http://localhost:8983/solr/select?q=%28speaker_bioguide%3AR000580%29&start=0&rows=100&wt=json
http://localhost:8983/solr/select?q=%28speaker_bioguide%3AS000185%29&start=0&rows=100&wt=json
http://localhost:8983/solr/select?q=%28speaker_bioguide%3AS000185%29&start=0&rows=100&wt=json
http://localhost:8983/solr/select?q=%28speaker_bioguide%3AS000185%29&start=0&rows=100&wt=json
http://localhost:8983/solr/select?q=%28speaker_bioguide%3AG000557%29&start=0&rows=100&wt=json
http://localhost:8983/solr/select?q=%28speaker_bioguide%3AL000551%29&start=0&rows=100&wt=json
http://localhost:8983/solr/select?q=%28speaker_bioguide%3AL000551%29&start=0&rows=100&wt=json
http://localhost:8983/solr/select?q=%28speaker_bioguide%3AE000226%29&start=0&rows=100&wt=json
http://localhost:8983/solr/select?q=%28speaker_bioguide%3AJ000177%29&start=0&rows=100&wt=json
http://localhost:8983/solr/select?q=%28speaker_bioguide%3AS001155%29&start=0&rows=100&wt=json
http://localhost:8983/solr/select?q=%28speaker_bioguide%3AW000672%29&start=0&rows=100&wt=json
http://localhost:8983/solr/select?q=%28speaker_bioguide%3AW000672%29&start=0&rows=100&wt=json
http://localhost:8983/solr/select?q=%28speaker_bioguide%3AK000372%29&start=0&rows=100&wt=json
http://localhost:8983/solr/select?q=%28speaker_bioguide%3AS001163%29&start=0&rows=100&wt=json
http://localhost:8983/solr/select?q=%28speaker_bioguide%3AS001178%29&start=0&rows=100&wt=json
http://localhost:8983/solr/select?q=%28speaker_bioguide%3AG000021%29&start=0&rows=100&wt=json
http://localhost:8983/solr/select?q=%28speaker_bioguide%3AB001264%29&start=0&rows=100&wt=json
http://localhost:8983/solr/select?q=%28speaker_bioguide%3AM000312%29&start=0&rows=100&wt=json
http://localhost:8983/solr/select?q=%28speaker_bioguide%3AM000312%29&start=0&rows=100&wt=json
http://localhost:8983/solr/select?q=%28speaker_bioguide%3AM000312%29&start=0&rows=100&wt=json
http://localhost:8983/solr/select?q=%28speaker_bioguide%3AM000312%29&start=0&ro[16/Dec/2010 12:50:08] "GET /text.json?entity_type=bioguide&entity_name=M000312 HTTP/1.1" 200 140841
[16/Dec/2010 12:51:12] "GET /text.json?entity_type=bioguide&entity_name=Q000023 HTTP/1.1" 200 154714
[16/Dec/2010 12:52:10] "GET /text.json?entity_type=bioguide&entity_name=M001176 HTTP/1.1" 200 296520
[16/Dec/2010 15:08:34] "GET /dates.json?phrase=the HTTP/1.1" 200 57800
[16/Dec/2010 15:08:42] "GET /dates.json?phrase=the&granularity=month HTTP/1.1" 200 2096
[16/Dec/2010 15:09:01] "GET /dates.json?phrase=president+obama&granularity=month HTTP/1.1" 200 2077
[16/Dec/2010 15:09:10] "GET /dates.json?phrase=health+care&granularity=month HTTP/1.1" 200 2079
[16/Dec/2010 15:09:20] "GET /dates.json?phrase=health+care+debate&granularity=month HTTP/1.1" 200 2051
[16/Dec/2010 15:23:55] "GET /phrases.json?stemmed=true HTTP/1.1" 200 8154
Validating models...
0 errors found

Django version 1.2.3, using settings 'api.settings'
Development server is running at http://ec2-174-129-118-61.compute-1.amazonaws.com:8081/
Quit the server with CONTROL-C.
http://localhost:8983/solr/select?q=%2A%3A%2A&facet.mincount=1&rows=0&facet.field=unigrams&wt=json&facet.method=enum&facet=true&facet.limit=100&facet.sort=count&facet.offset=0
[16/Dec/2010 15:24:18] "GET /phrases.json?stemmed=true HTTP/1.1" 200 8156
Validating models...
0 errors found

Django version 1.2.3, using settings 'api.settings'
Development server is running at http://ec2-174-129-118-61.compute-1.amazonaws.com:8081/
Quit the server with CONTROL-C.
http://localhost:8983/solr/select?q=%2A%3A%2A&facet.mincount=1&rows=0&facet.field=unigrams_stemmed&wt=json&facet.method=enum&facet=true&facet.limit=100&facet.sort=count&facet.offset=0
Validating models...
0 errors found

Django version 1.2.3, using settings 'api.settings'
Development server is running at http://ec2-174-129-118-61.compute-1.amazonaws.com:8081/
Quit the server with CONTROL-C.
[16/Dec/2010 15:47:17] "GET /phrases.json?stemmed=true HTTP/1.1" 200 8154
[16/Dec/2010 15:51:30] "GET /phrases.json?stemmed=true HTTP/1.1" 200 8155
[16/Dec/2010 15:57:08] "GET /phrases.json?stemmed=true HTTP/1.1" 200 8154
Validating models...
0 errors found

Django version 1.2.3, using settings 'api.settings'
Development server is running at http://ec2-174-129-118-61.compute-1.amazonaws.com:8081/
Quit the server with CONTROL-C.
http://localhost:8983/solr/select?q=%2A%3A%2A&facet.mincount=1&rows=0&facet.field=unigrams_stemmed&wt=json&facet.method=enum&facet=true&facet.limit=100&facet.sort=count&facet.offset=0
http://localhost:8983/solr/select?q=%2A%3A%2A&facet.mincount=1&rows=0&facet.field=unigrams_stemmed&wt=json&facet.method=enum&facet=true&facet.limit=100&facet.sort=count&facet.offset=0
http://localhost:8983/solr/select?q=%2A%3A%2A&facet.mincount=1&rows=0&facet.field=unigrams_stemmed&wt=json&facet.method=enum&facet=true&facet.limit=100&facet.sort=count&facet.offset=0
[16/Dec/2010 16:46:15] "GET /dates.json?phrase=united+states HTTP/1.1" 200 57594
[16/Dec/2010 16:46:21] "GET /dates.json?phrase=united+states HTTP/1.1" 200 57594
